0 info it worked if it ends with ok
1 verbose cli [ '/home/vagrant/.nvm/v0.10.32/bin/node',
1 verbose cli   '/home/vagrant/.nvm/v0.10.32/bin/npm',
1 verbose cli   'install',
1 verbose cli   'bootsrap' ]
2 info using npm@1.4.28
3 info using node@v0.10.32
4 verbose cache add [ 'bootsrap', null ]
5 verbose cache add name=undefined spec="bootsrap" args=["bootsrap",null]
6 verbose parsed url { protocol: null,
6 verbose parsed url   slashes: null,
6 verbose parsed url   auth: null,
6 verbose parsed url   host: null,
6 verbose parsed url   port: null,
6 verbose parsed url   hostname: null,
6 verbose parsed url   hash: null,
6 verbose parsed url   search: null,
6 verbose parsed url   query: null,
6 verbose parsed url   pathname: 'bootsrap',
6 verbose parsed url   path: 'bootsrap',
6 verbose parsed url   href: 'bootsrap' }
7 silly lockFile 81d79ad3-bootsrap bootsrap
8 verbose lock bootsrap /home/vagrant/.npm/81d79ad3-bootsrap.lock
9 silly lockFile 81d79ad3-bootsrap bootsrap
10 silly lockFile 81d79ad3-bootsrap bootsrap
11 verbose addNamed [ 'bootsrap', '' ]
12 verbose addNamed [ null, '*' ]
13 silly lockFile 8c96059d-bootsrap bootsrap@
14 verbose lock bootsrap@ /home/vagrant/.npm/8c96059d-bootsrap.lock
15 silly addNameRange { name: 'bootsrap', range: '*', hasData: false }
16 verbose request where is /bootsrap
17 verbose request registry https://registry.npmjs.org/
18 verbose request id 105aa216776c27e7
19 verbose url raw /bootsrap
20 verbose url resolving [ 'https://registry.npmjs.org/', './bootsrap' ]
21 verbose url resolved https://registry.npmjs.org/bootsrap
22 verbose request where is https://registry.npmjs.org/bootsrap
23 info trying registry request attempt 1 at 17:12:01
24 http GET https://registry.npmjs.org/bootsrap
25 http 404 https://registry.npmjs.org/bootsrap
26 verbose headers { server: 'CouchDB/1.5.0 (Erlang OTP/R16B03)',
26 verbose headers   'content-type': 'application/json',
26 verbose headers   'cache-control': 'max-age=0',
26 verbose headers   'content-length': '51',
26 verbose headers   'accept-ranges': 'bytes',
26 verbose headers   date: 'Mon, 25 May 2015 17:12:01 GMT',
26 verbose headers   via: '1.1 varnish',
26 verbose headers   age: '0',
26 verbose headers   connection: 'keep-alive',
26 verbose headers   'x-served-by': 'cache-ord1723-ORD',
26 verbose headers   'x-cache': 'MISS',
26 verbose headers   'x-cache-hits': '0',
26 verbose headers   'x-timer': 'S1432573921.400856,VS0,VE43' }
27 silly registry.get cb [ 404,
27 silly registry.get   { server: 'CouchDB/1.5.0 (Erlang OTP/R16B03)',
27 silly registry.get     'content-type': 'application/json',
27 silly registry.get     'cache-control': 'max-age=0',
27 silly registry.get     'content-length': '51',
27 silly registry.get     'accept-ranges': 'bytes',
27 silly registry.get     date: 'Mon, 25 May 2015 17:12:01 GMT',
27 silly registry.get     via: '1.1 varnish',
27 silly registry.get     age: '0',
27 silly registry.get     connection: 'keep-alive',
27 silly registry.get     'x-served-by': 'cache-ord1723-ORD',
27 silly registry.get     'x-cache': 'MISS',
27 silly registry.get     'x-cache-hits': '0',
27 silly registry.get     'x-timer': 'S1432573921.400856,VS0,VE43' } ]
28 silly lockFile 8c96059d-bootsrap bootsrap@
29 silly lockFile 8c96059d-bootsrap bootsrap@
30 error 404 404 Not Found: bootsrap
30 error 404
30 error 404 'bootsrap' is not in the npm registry.
30 error 404 You should bug the author to publish it
30 error 404
30 error 404 Note that you can also install from a
30 error 404 tarball, folder, or http url, or git url.
31 error System Linux 3.2.0-65-generic-pae
32 error command "/home/vagrant/.nvm/v0.10.32/bin/node" "/home/vagrant/.nvm/v0.10.32/bin/npm" "install" "bootsrap"
33 error cwd /vagrant/Projects/music_wall/db
34 error node -v v0.10.32
35 error npm -v 1.4.28
36 error code E404
37 verbose exit [ 1, true ]
